[2013-07-25 21:05:03] START
[2013-07-25 21:09:30] EDIT CodeReviewMachine/models/db.py: 4
[2013-07-25 21:10:06] CREATE changelist.py: 0
[2013-07-25 21:14:32] EDIT CodeReviewMachine/models/db.py: 1
[2013-07-25 21:19:04] EDIT CodeReviewMachine/controllers/changelist.py: 3
[2013-07-25 21:19:27] EDIT CodeReviewMachine/controllers/changelist.py: 1
[2013-07-25 21:20:23] CREATE changelist/add_changelist.load: 0
[2013-07-26 17:23:11] EDIT CodeReviewMachine/controllers/changelist.py: 1
[2013-07-26 17:23:25] EDIT CodeReviewMachine/views/changelist/add_changelist.load: -19
[2013-07-26 17:24:05] EDIT CodeReviewMachine/views/default/index.html: -7
[2013-07-26 17:26:44] EDIT CodeReviewMachine/views/default/index.html: 0
[2013-07-26 17:26:55] EDIT CodeReviewMachine/views/default/index.html: 0
[2013-07-26 17:27:09] EDIT CodeReviewMachine/views/default/index.html: 0
[2013-07-26 17:29:29] EDIT CodeReviewMachine/controllers/changelist.py: 2
[2013-07-26 17:29:59] EDIT CodeReviewMachine/controllers/changelist.py: 0
[2013-07-26 17:30:39] EDIT CodeReviewMachine/controllers/changelist.py: 0
[2013-07-26 17:31:56] EDIT CodeReviewMachine/controllers/changelist.py: 0
[2013-07-26 17:33:40] EDIT CodeReviewMachine/controllers/changelist.py: 1
[2013-07-26 17:36:13] EDIT CodeReviewMachine/controllers/changelist.py: 0
[2013-07-26 17:36:33] EDIT CodeReviewMachine/controllers/changelist.py: 0
[2013-07-26 17:36:46] EDIT CodeReviewMachine/controllers/changelist.py: 1
[2013-07-26 17:37:19] EDIT CodeReviewMachine/controllers/changelist.py: 0
[2013-07-26 17:40:13] EDIT CodeReviewMachine/models/db.py: 3
[2013-07-26 17:40:33] EDIT CodeReviewMachine/models/db.py: 0
[2013-07-26 17:42:33] EDIT CodeReviewMachine/models/db.py: 2
[2013-07-26 17:42:56] EDIT CodeReviewMachine/models/db.py: -1
[2013-07-26 17:43:25] EDIT CodeReviewMachine/models/db.py: 0
[2013-07-26 17:45:53] EDIT CodeReviewMachine/models/db.py: 0
[2013-07-26 17:46:22] EDIT CodeReviewMachine/models/db.py: 1
[2013-07-26 17:46:52] EDIT CodeReviewMachine/models/db.py: 1
[2013-07-26 17:46:53] EDIT CodeReviewMachine/models/db.py: 0
[2013-07-26 17:49:45] EDIT CodeReviewMachine/controllers/changelist.py: 2
[2013-07-26 17:51:13] EDIT CodeReviewMachine/controllers/changelist.py: 1
[2013-07-26 17:51:46] EDIT CodeReviewMachine/controllers/changelist.py: 0
[2013-07-26 17:52:11] EDIT CodeReviewMachine/controllers/changelist.py: 1
[2013-07-26 17:52:37] EDIT CodeReviewMachine/controllers/changelist.py: 0
[2013-07-26 18:00:11] EDIT CodeReviewMachine/models/db.py: 0
[2013-07-26 18:00:20] EDIT CodeReviewMachine/models/db.py: 0
[2013-07-26 18:01:17] EDIT CodeReviewMachine/controllers/changelist.py: 2
[2013-07-26 18:01:47] EDIT CodeReviewMachine/models/db.py: 0
[2013-07-26 18:02:41] EDIT CodeReviewMachine/controllers/changelist.py: 0
[2013-07-26 18:05:14] EDIT CodeReviewMachine/controllers/changelist.py: 0
[2013-07-26 18:07:04] EDIT CodeReviewMachine/controllers/changelist.py: 1
[2013-07-26 18:09:12] EDIT CodeReviewMachine/controllers/changelist.py: 0
[2013-07-27 08:11:19] EDIT CodeReviewMachine/controllers/changelist.py: 0
[2013-07-27 08:13:01] EDIT CodeReviewMachine/controllers/changelist.py: 0
[2013-07-27 08:14:37] EDIT CodeReviewMachine/controllers/changelist.py: 0
[2013-07-27 08:15:09] EDIT CodeReviewMachine/controllers/changelist.py: 0
[2013-07-27 08:17:34] EDIT CodeReviewMachine/controllers/changelist.py: 3
[2013-07-27 08:17:58] EDIT CodeReviewMachine/controllers/changelist.py: -1
[2013-07-27 08:26:36] EDIT CodeReviewMachine/models/db.py: 0
[2013-07-27 08:26:45] EDIT CodeReviewMachine/models/db.py: 0
[2013-07-27 08:27:31] EDIT CodeReviewMachine/controllers/changelist.py: -4
[2013-07-27 08:27:42] EDIT CodeReviewMachine/controllers/changelist.py: 0
[2013-07-27 08:29:25] EDIT CodeReviewMachine/controllers/changelist.py: 0
[2013-07-27 08:29:42] EDIT CodeReviewMachine/controllers/changelist.py: 0
[2013-07-27 08:29:51] EDIT CodeReviewMachine/controllers/changelist.py: 0
[2013-07-27 08:30:28] EDIT CodeReviewMachine/controllers/changelist.py: 0
[2013-07-27 08:31:30] EDIT CodeReviewMachine/controllers/changelist.py: 0
[2013-07-27 08:33:11] EDIT CodeReviewMachine/controllers/changelist.py: 0
[2013-07-27 08:34:37] EDIT CodeReviewMachine/controllers/changelist.py: 1
[2013-07-27 08:34:50] EDIT CodeReviewMachine/controllers/changelist.py: 0
[2013-07-27 08:35:48] EDIT CodeReviewMachine/controllers/changelist.py: 0
[2013-07-27 08:35:57] EDIT CodeReviewMachine/controllers/changelist.py: 0
[2013-07-27 08:36:15] EDIT CodeReviewMachine/controllers/changelist.py: 0
[2013-07-27 08:39:36] EDIT CodeReviewMachine/controllers/changelist.py: 0
[2013-07-27 08:43:32] EDIT CodeReviewMachine/controllers/changelist.py: 2
[2013-07-27 08:43:53] EDIT CodeReviewMachine/controllers/changelist.py: 1
[2013-07-27 08:43:55] EDIT CodeReviewMachine/controllers/changelist.py: 0
[2013-07-27 08:44:18] EDIT CodeReviewMachine/controllers/changelist.py: 0
[2013-07-27 08:44:46] EDIT CodeReviewMachine/controllers/changelist.py: 0
[2013-07-27 08:46:05] EDIT CodeReviewMachine/controllers/changelist.py: 1
[2013-07-27 08:48:07] EDIT CodeReviewMachine/controllers/changelist.py: 0
[2013-07-27 08:48:42] EDIT CodeReviewMachine/controllers/changelist.py: 0
[2013-07-27 08:49:34] EDIT CodeReviewMachine/controllers/changelist.py: 0
[2013-07-27 08:49:43] EDIT CodeReviewMachine/controllers/changelist.py: 0
[2013-07-27 08:50:28] EDIT CodeReviewMachine/controllers/changelist.py: 0
[2013-07-27 08:52:37] EDIT CodeReviewMachine/controllers/changelist.py: 0
[2013-07-27 08:52:46] EDIT CodeReviewMachine/controllers/changelist.py: 0
[2013-07-27 08:55:45] EDIT CodeReviewMachine/controllers/changelist.py: -1
[2013-07-27 09:05:10] EDIT CodeReviewMachine/controllers/changelist.py: 0
[2013-07-27 09:05:15] EDIT CodeReviewMachine/controllers/changelist.py: 0
[2013-07-27 09:05:56] EDIT CodeReviewMachine/controllers/changelist.py: 0
[2013-07-27 09:06:10] EDIT CodeReviewMachine/controllers/changelist.py: 0
[2013-07-27 09:07:06] EDIT CodeReviewMachine/controllers/changelist.py: 0
[2013-07-27 09:07:23] EDIT CodeReviewMachine/controllers/changelist.py: 0
[2013-07-27 09:07:50] EDIT CodeReviewMachine/controllers/changelist.py: 0
[2013-07-27 09:09:38] EDIT CodeReviewMachine/controllers/default.py: -1
[2013-07-27 09:10:13] EDIT CodeReviewMachine/views/default/index.html: -19
[2013-07-27 09:10:30] EDIT CodeReviewMachine/controllers/default.py: 0
[2013-07-27 09:10:36] EDIT CodeReviewMachine/controllers/default.py: 0
[2013-07-27 09:13:19] EDIT CodeReviewMachine/controllers/default.py: 1
[2013-07-27 09:13:24] EDIT CodeReviewMachine/controllers/default.py: 0
[2013-07-27 09:24:30] EDIT CodeReviewMachine/controllers/default.py: 1
[2013-07-27 09:24:45] EDIT CodeReviewMachine/controllers/default.py: 0
[2013-07-27 09:25:09] EDIT CodeReviewMachine/controllers/default.py: 0
[2013-07-27 09:25:15] EDIT CodeReviewMachine/controllers/default.py: 0
[2013-07-27 09:25:22] EDIT CodeReviewMachine/controllers/default.py: 0
[2013-07-27 09:25:38] EDIT CodeReviewMachine/controllers/default.py: 0
[2013-07-27 09:27:05] EDIT CodeReviewMachine/controllers/default.py: 3
[2013-07-27 09:27:18] EDIT CodeReviewMachine/controllers/default.py: 0
[2013-07-27 09:27:25] EDIT CodeReviewMachine/controllers/default.py: 0
[2013-07-27 09:27:39] EDIT CodeReviewMachine/controllers/default.py: 0
[2013-07-27 09:28:05] EDIT CodeReviewMachine/controllers/default.py: 0
[2013-07-27 09:29:18] EDIT CodeReviewMachine/controllers/default.py: 0
[2013-07-27 09:29:22] EDIT CodeReviewMachine/controllers/default.py: 0
[2013-07-27 09:29:26] EDIT CodeReviewMachine/controllers/default.py: 0
[2013-07-27 09:30:56] EDIT CodeReviewMachine/controllers/default.py: 2
[2013-07-27 09:31:36] EDIT CodeReviewMachine/controllers/default.py: 1
[2013-07-27 09:33:30] EDIT CodeReviewMachine/controllers/default.py: 3
[2013-07-27 09:33:39] EDIT CodeReviewMachine/controllers/default.py: 0
[2013-07-27 09:34:03] EDIT CodeReviewMachine/controllers/default.py: 0
[2013-07-27 09:34:51] EDIT CodeReviewMachine/controllers/default.py: 0
[2013-07-27 09:35:14] EDIT CodeReviewMachine/controllers/default.py: 0
[2013-07-27 09:35:33] EDIT CodeReviewMachine/controllers/default.py: 0
[2013-07-27 09:35:49] EDIT CodeReviewMachine/controllers/default.py: 0
[2013-07-27 09:36:10] EDIT CodeReviewMachine/controllers/default.py: 0
[2013-07-27 09:36:25] EDIT CodeReviewMachine/controllers/default.py: 0
[2013-07-27 09:36:55] EDIT CodeReviewMachine/controllers/default.py: 0
[2013-07-27 09:37:21] EDIT CodeReviewMachine/controllers/default.py: 0
[2013-07-27 09:38:41] EDIT CodeReviewMachine/controllers/changelist.py: 0
[2013-07-27 09:39:08] EDIT CodeReviewMachine/views/default/index.html: 0
[2013-07-27 09:39:54] EDIT CodeReviewMachine/controllers/changelist.py: 1
[2013-07-27 09:39:58] EDIT CodeReviewMachine/controllers/changelist.py: 0
[2013-07-27 10:19:22] EDIT CodeReviewMachine/controllers/changelist.py: 0
[2013-07-27 10:30:16] EDIT CodeReviewMachine/controllers/changelist.py: 0
[2013-07-27 10:36:25] EDIT CodeReviewMachine/views/default/index.html: 7
[2013-07-27 10:36:30] EDIT CodeReviewMachine/views/default/index.html: -1
[2013-07-27 10:36:32] EDIT CodeReviewMachine/views/default/index.html: 0
[2013-07-27 10:36:50] EDIT CodeReviewMachine/views/default/index.html: 7
[2013-07-27 10:37:12] EDIT CodeReviewMachine/views/default/index.html: 0
[2013-07-27 10:37:23] EDIT CodeReviewMachine/views/default/index.html: 0
[2013-07-27 10:37:55] EDIT CodeReviewMachine/views/default/index.html: 0
[2013-07-27 10:38:23] EDIT CodeReviewMachine/views/default/index.html: 0
[2013-07-27 10:38:53] EDIT CodeReviewMachine/controllers/changelist.py: 0
[2013-07-27 10:38:59] EDIT CodeReviewMachine/controllers/changelist.py: 0
[2013-07-27 10:41:24] EDIT CodeReviewMachine/controllers/changelist.py: 4
[2013-07-27 10:41:40] EDIT CodeReviewMachine/controllers/changelist.py: 1
[2013-07-27 10:42:32] EDIT CodeReviewMachine/controllers/changelist.py: 4
[2013-07-27 10:45:50] EDIT CodeReviewMachine/controllers/changelist.py: 0
[2013-07-27 10:45:58] EDIT CodeReviewMachine/controllers/changelist.py: 0
[2013-07-27 10:46:09] EDIT CodeReviewMachine/controllers/changelist.py: 0
[2013-07-27 10:51:04] EDIT CodeReviewMachine/controllers/changelist.py: 0
[2013-07-27 10:51:34] EDIT CodeReviewMachine/views/default/index.html: -1
[2013-07-27 10:52:34] EDIT CodeReviewMachine/views/default/index.html: -12
[2013-07-27 10:52:57] EDIT CodeReviewMachine/controllers/changelist.py: -9
[2013-07-27 10:55:11] EDIT CodeReviewMachine/controllers/changelist.py: 0
[2013-07-27 10:55:25] EDIT CodeReviewMachine/controllers/changelist.py: 2
[2013-07-27 10:55:45] EDIT CodeReviewMachine/controllers/changelist.py: 0
[2013-07-27 10:56:30] EDIT CodeReviewMachine/views/default/index.html: 0
[2013-07-27 10:56:58] EDIT CodeReviewMachine/views/default/index.html: 0
[2013-07-27 10:57:11] EDIT CodeReviewMachine/views/default/index.html: 0
[2013-07-27 10:57:25] EDIT CodeReviewMachine/views/default/index.html: 0
[2013-07-27 10:57:35] EDIT CodeReviewMachine/views/default/index.html: 0
[2013-07-30 20:08:27] DELETE CodeReviewMachine/views/changelist/add_changelist.load: -1
[2013-07-30 20:12:08] CREATE changelist/add_changelist.html: 0
[2013-07-30 20:12:41] EDIT CodeReviewMachine/views/default/index.html: -3
[2013-07-30 20:13:24] EDIT CodeReviewMachine/views/default/index.html: 0
[2013-07-30 20:13:34] EDIT CodeReviewMachine/views/changelist/add_changelist.html: -1
[2013-07-30 20:14:02] EDIT CodeReviewMachine/controllers/changelist.py: -1
[2013-07-30 20:14:07] EDIT CodeReviewMachine/controllers/changelist.py: 0
[2013-07-30 20:14:11] EDIT CodeReviewMachine/controllers/changelist.py: 0
[2013-07-30 20:14:51] EDIT CodeReviewMachine/models/menu.py: 1
[2013-07-30 20:14:54] EDIT CodeReviewMachine/models/menu.py: 0
[2013-07-30 20:15:14] DELETE CodeReviewMachine/views/changelist/add_changelist.html: -2
[2013-07-30 20:15:25] CREATE changelist/add.html: 0
[2013-07-30 20:15:33] EDIT CodeReviewMachine/views/changelist/add.html: -1
[2013-07-30 20:15:47] EDIT CodeReviewMachine/controllers/changelist.py: 0
[2013-07-30 20:16:56] EDIT CodeReviewMachine/controllers/changelist.py: 0
[2013-07-30 20:17:23] EDIT CodeReviewMachine/controllers/changelist.py: 0
[2013-07-30 20:17:31] EDIT CodeReviewMachine/controllers/changelist.py: 0
[2013-07-30 20:17:52] EDIT CodeReviewMachine/controllers/changelist.py: 0
[2013-07-30 20:20:07] EDIT CodeReviewMachine/controllers/changelist.py: 0
[2013-07-30 20:20:55] EDIT CodeReviewMachine/models/menu.py: 0
[2013-07-30 20:21:01] EDIT CodeReviewMachine/models/menu.py: 0
[2013-07-30 20:21:40] EDIT CodeReviewMachine/models/menu.py: 0
[2013-07-30 20:22:01] EDIT CodeReviewMachine/models/menu.py: -1
[2013-07-30 20:22:08] EDIT CodeReviewMachine/models/menu.py: 0
[2013-07-30 20:22:27] EDIT CodeReviewMachine/models/menu.py: 1
[2013-07-30 20:22:41] EDIT CodeReviewMachine/models/menu.py: -1
[2013-07-30 20:22:54] EDIT CodeReviewMachine/models/menu.py: -1
[2013-07-30 20:23:29] EDIT CodeReviewMachine/controllers/default.py: 1
[2013-07-30 20:25:51] EDIT CodeReviewMachine/models/menu.py: 2
[2013-07-30 20:26:27] EDIT CodeReviewMachine/models/menu.py: 3
[2013-07-30 20:27:25] EDIT CodeReviewMachine/models/menu.py: 0
[2013-07-30 20:28:01] EDIT CodeReviewMachine/models/menu.py: 0
[2013-07-30 20:28:29] EDIT CodeReviewMachine/models/menu.py: -1
[2013-07-30 20:29:27] EDIT CodeReviewMachine/controllers/changelist.py: 0
[2013-07-30 20:30:09] EDIT CodeReviewMachine/controllers/changelist.py: 0
[2013-07-30 20:30:19] EDIT CodeReviewMachine/controllers/changelist.py: 0
[2013-07-30 20:30:58] EDIT CodeReviewMachine/controllers/changelist.py: 0
[2013-07-30 20:32:59] EDIT CodeReviewMachine/controllers/default.py: 0
[2013-07-30 20:34:06] EDIT CodeReviewMachine/models/db.py: 1
[2013-07-30 20:34:28] EDIT CodeReviewMachine/models/db.py: 0
[2013-07-30 20:35:39] EDIT CodeReviewMachine/models/db.py: 0
[2013-07-30 20:36:47] EDIT CodeReviewMachine/models/db.py: 1
[2013-07-30 20:38:07] EDIT CodeReviewMachine/controllers/default.py: 2
[2013-07-30 20:38:29] EDIT CodeReviewMachine/controllers/default.py: 0
[2013-07-30 20:38:58] EDIT CodeReviewMachine/controllers/default.py: 0
[2013-07-30 20:39:50] EDIT CodeReviewMachine/controllers/default.py: 0
[2013-07-30 20:40:43] CREATE table.css: 0
[2013-07-30 20:41:25] EDIT CodeReviewMachine/static/table.css: 3
[2013-07-30 20:42:06] EDIT CodeReviewMachine/views/default/index.html: 1
[2013-07-30 20:42:52] EDIT CodeReviewMachine/views/default/index.html: 0
[2013-07-30 20:43:46] DELETE CodeReviewMachine/static/table.css: -3
[2013-07-30 20:43:49] DELETE CodeReviewMachine/static/table.css.bak: 0
[2013-07-30 20:44:03] CREATE css/table.css: 0
[2013-07-30 20:44:07] EDIT CodeReviewMachine/static/css/table.css: 3
[2013-07-30 20:45:25] EDIT CodeReviewMachine/static/css/table.css: 3
[2013-07-30 20:45:59] EDIT CodeReviewMachine/static/css/table.css: 3
[2013-07-30 20:46:59] EDIT CodeReviewMachine/static/css/table.css: 1
[2013-07-30 20:47:52] CREATE reviews.py: 0
[2013-07-30 20:48:06] EDIT CodeReviewMachine/controllers/reviews.py: 1
[2013-07-30 20:48:55] EDIT CodeReviewMachine/controllers/reviews.py: 0
[2013-07-30 20:49:32] EDIT CodeReviewMachine/controllers/reviews.py: 1
[2013-07-30 20:49:48] EDIT CodeReviewMachine/controllers/reviews.py: 0
[2013-07-30 20:50:51] CREATE reviewa/todo.html: 0
[2013-07-30 20:51:12] CREATE reviews/done.html: 0
[2013-07-30 20:51:40] DELETE CodeReviewMachine/views/reviewa/todo.html: -3
[2013-07-30 20:51:49] CREATE reviews/todo.html: 0
[2013-07-30 20:52:21] EDIT CodeReviewMachine/controllers/reviews.py: 3
[2013-07-30 20:53:33] EDIT CodeReviewMachine/controllers/reviews.py: 0
[2013-07-30 20:54:04] EDIT CodeReviewMachine/views/reviews/todo.html: -1
[2013-07-30 20:58:30] EDIT CodeReviewMachine/controllers/reviews.py: 1
[2013-07-30 20:58:39] EDIT CodeReviewMachine/controllers/reviews.py: 0
[2013-07-30 20:59:24] EDIT CodeReviewMachine/controllers/reviews.py: 0
[2013-07-30 20:59:39] EDIT CodeReviewMachine/controllers/reviews.py: 0
[2013-07-30 21:02:56] EDIT CodeReviewMachine/controllers/reviews.py: 4
[2013-07-30 21:03:39] EDIT CodeReviewMachine/controllers/reviews.py: 0
[2013-07-30 21:04:03] EDIT CodeReviewMachine/controllers/reviews.py: 0
[2013-07-30 21:04:38] EDIT CodeReviewMachine/controllers/reviews.py: 5
[2013-07-30 21:05:03] EDIT CodeReviewMachine/controllers/reviews.py: 0
[2013-07-30 21:05:17] EDIT CodeReviewMachine/controllers/reviews.py: 0
[2013-07-30 21:06:15] CREATE utils.py: 0
[2013-07-30 21:06:33] EDIT CodeReviewMachine/controllers/default.py: -3
[2013-07-30 21:06:38] EDIT CodeReviewMachine/modules/utils.py: 3
[2013-07-30 21:06:58] EDIT CodeReviewMachine/controllers/default.py: 1
[2013-07-30 21:07:23] EDIT CodeReviewMachine/controllers/reviews.py: 1
[2013-07-30 21:08:08] EDIT CodeReviewMachine/controllers/default.py: 0
[2013-07-30 21:08:43] EDIT CodeReviewMachine/controllers/default.py: 0
[2013-07-30 21:09:04] EDIT CodeReviewMachine/modules/utils.py: -3
[2013-07-30 21:09:22] EDIT CodeReviewMachine/controllers/default.py: 2
[2013-07-30 21:09:31] DELETE CodeReviewMachine/modules/utils.py: -1
[2013-07-30 21:10:06] EDIT CodeReviewMachine/controllers/reviews.py: 3
[2013-07-30 21:10:12] EDIT CodeReviewMachine/controllers/reviews.py: 0
[2013-07-30 21:10:25] EDIT CodeReviewMachine/controllers/reviews.py: 0
[2013-07-30 21:10:46] EDIT CodeReviewMachine/controllers/reviews.py: 0
[2013-07-30 21:11:06] EDIT CodeReviewMachine/controllers/reviews.py: 0
[2013-07-30 21:11:33] EDIT CodeReviewMachine/controllers/reviews.py: 0
[2013-07-30 21:11:37] EDIT CodeReviewMachine/controllers/reviews.py: 0
[2013-07-30 21:11:49] EDIT CodeReviewMachine/controllers/reviews.py: 0
[2013-07-30 21:12:09] EDIT CodeReviewMachine/controllers/reviews.py: 0
[2013-07-30 21:12:18] EDIT CodeReviewMachine/controllers/reviews.py: -1
[2013-07-30 21:12:33] EDIT CodeReviewMachine/controllers/reviews.py: 0
[2013-07-30 21:13:01] EDIT CodeReviewMachine/controllers/reviews.py: 0
[2013-07-30 21:13:55] EDIT CodeReviewMachine/controllers/reviews.py: 1
[2013-07-30 21:15:30] EDIT CodeReviewMachine/controllers/reviews.py: 0
[2013-07-30 21:15:47] EDIT CodeReviewMachine/controllers/reviews.py: 0
[2013-07-30 21:16:07] EDIT CodeReviewMachine/controllers/reviews.py: 0
[2013-07-30 21:16:34] EDIT CodeReviewMachine/controllers/reviews.py: 0
[2013-07-30 21:16:57] EDIT CodeReviewMachine/controllers/reviews.py: 0
[2013-07-30 21:18:35] EDIT CodeReviewMachine/controllers/reviews.py: 0
[2013-07-30 21:18:45] EDIT CodeReviewMachine/controllers/reviews.py: 0
[2013-07-30 21:19:13] EDIT CodeReviewMachine/controllers/reviews.py: 0
[2013-07-30 21:19:44] EDIT CodeReviewMachine/controllers/reviews.py: 0
[2013-07-30 21:19:49] EDIT CodeReviewMachine/controllers/reviews.py: 0
[2013-07-30 21:35:58] EDIT CodeReviewMachine/models/db.py: 0
[2013-07-30 21:36:38] EDIT CodeReviewMachine/models/db.py: -2
[2013-07-30 21:36:43] EDIT CodeReviewMachine/models/db.py: 0
[2013-07-30 21:37:38] EDIT CodeReviewMachine/controllers/default.py: 0
[2013-07-30 21:38:20] EDIT CodeReviewMachine/controllers/default.py: 0
[2013-07-30 21:38:49] EDIT CodeReviewMachine/controllers/default.py: 0
[2013-07-30 21:39:53] EDIT CodeReviewMachine/controllers/default.py: 0
[2013-07-30 21:40:03] EDIT CodeReviewMachine/controllers/default.py: 0
[2013-07-30 21:41:24] EDIT CodeReviewMachine/controllers/default.py: 0
[2013-07-30 21:42:16] EDIT CodeReviewMachine/controllers/default.py: 0
[2013-07-30 21:42:27] EDIT CodeReviewMachine/controllers/default.py: 0
[2013-07-30 21:42:41] EDIT CodeReviewMachine/controllers/default.py: 0
[2013-07-30 21:46:31] EDIT CodeReviewMachine/controllers/default.py: 0
[2013-07-30 21:47:26] EDIT CodeReviewMachine/controllers/default.py: 0
[2013-07-30 21:48:57] EDIT CodeReviewMachine/controllers/default.py: 0
[2013-07-30 21:49:15] EDIT CodeReviewMachine/controllers/default.py: 0
[2013-07-30 21:49:44] EDIT CodeReviewMachine/controllers/default.py: 0
[2013-07-30 21:49:56] EDIT CodeReviewMachine/controllers/default.py: 0
[2013-07-30 21:50:09] EDIT CodeReviewMachine/controllers/default.py: 0
[2013-07-30 21:51:04] EDIT CodeReviewMachine/controllers/changelist.py: -1
[2013-07-30 21:51:33] EDIT CodeReviewMachine/controllers/changelist.py: 0
[2013-07-30 21:53:36] EDIT CodeReviewMachine/controllers/reviews.py: 0
[2013-07-30 21:53:48] EDIT CodeReviewMachine/controllers/reviews.py: 0
[2013-07-30 21:53:58] EDIT CodeReviewMachine/controllers/reviews.py: 0
[2013-07-30 21:54:11] EDIT CodeReviewMachine/controllers/reviews.py: 0
[2013-07-30 21:54:15] EDIT CodeReviewMachine/controllers/reviews.py: 0
[2013-07-30 21:54:26] EDIT CodeReviewMachine/controllers/reviews.py: 0
[2013-07-30 21:54:33] EDIT CodeReviewMachine/controllers/reviews.py: 0
[2013-07-30 21:56:07] EDIT CodeReviewMachine/static/css/table.css: 5
[2013-07-30 21:56:11] EDIT CodeReviewMachine/static/css/table.css: -1
[2013-07-30 21:56:44] EDIT CodeReviewMachine/static/css/table.css: 3
[2013-07-30 21:56:53] EDIT CodeReviewMachine/static/css/table.css: 0
[2013-07-30 21:57:43] EDIT CodeReviewMachine/views/reviews/todo.html: 1
[2013-07-30 21:58:58] EDIT CodeReviewMachine/views/reviews/todo.html: 0
[2013-07-30 22:00:03] EDIT CodeReviewMachine/views/reviews/todo.html: 0
[2013-07-30 22:00:09] EDIT CodeReviewMachine/views/reviews/todo.html: 0
[2013-07-30 22:01:04] EDIT CodeReviewMachine/static/css/table.css: 0
[2013-07-30 22:01:22] EDIT CodeReviewMachine/static/css/table.css: 1
[2013-07-30 22:02:02] EDIT CodeReviewMachine/static/css/table.css: 1
[2013-07-30 22:03:20] EDIT CodeReviewMachine/controllers/reviews.py: 0
[2013-07-30 22:03:45] EDIT CodeReviewMachine/controllers/reviews.py: 0
[2013-07-30 22:05:02] EDIT CodeReviewMachine/controllers/reviews.py: 0
[2013-07-30 22:06:33] EDIT CodeReviewMachine/controllers/reviews.py: 4
[2013-07-30 22:08:10] EDIT CodeReviewMachine/controllers/reviews.py: 1
[2013-07-30 22:08:21] EDIT CodeReviewMachine/controllers/reviews.py: 0
[2013-07-30 22:08:24] EDIT CodeReviewMachine/controllers/reviews.py: 1
[2013-07-30 22:09:21] EDIT CodeReviewMachine/controllers/reviews.py: 0
[2013-07-30 22:09:43] EDIT CodeReviewMachine/controllers/reviews.py: 0
[2013-07-30 22:10:00] EDIT CodeReviewMachine/controllers/reviews.py: 0
[2013-07-30 22:14:44] EDIT CodeReviewMachine/controllers/reviews.py: 0
[2013-07-30 22:15:32] EDIT CodeReviewMachine/controllers/reviews.py: 1
[2013-07-30 22:16:42] EDIT CodeReviewMachine/controllers/reviews.py: 0
[2013-07-30 22:17:11] EDIT CodeReviewMachine/controllers/reviews.py: 2
[2013-07-30 22:17:24] EDIT CodeReviewMachine/controllers/reviews.py: 0
[2013-07-30 22:18:09] EDIT CodeReviewMachine/controllers/reviews.py: 1
[2013-07-30 22:18:35] EDIT CodeReviewMachine/controllers/reviews.py: 0
[2013-07-30 22:19:10] EDIT CodeReviewMachine/controllers/reviews.py: 0
[2013-07-30 22:21:02] EDIT CodeReviewMachine/controllers/reviews.py: -1
[2013-07-30 22:21:51] EDIT CodeReviewMachine/controllers/reviews.py: 1
[2013-07-30 22:21:52] EDIT CodeReviewMachine/controllers/reviews.py: 0
[2013-07-30 22:22:26] EDIT CodeReviewMachine/controllers/reviews.py: -1
[2013-07-30 22:22:32] EDIT CodeReviewMachine/controllers/reviews.py: -1
[2013-07-30 22:22:48] EDIT CodeReviewMachine/controllers/reviews.py: 1
[2013-07-30 22:23:50] EDIT CodeReviewMachine/controllers/reviews.py: 1
[2013-07-30 22:24:43] EDIT CodeReviewMachine/controllers/reviews.py: 6
[2013-07-30 22:24:49] EDIT CodeReviewMachine/controllers/reviews.py: 0
[2013-07-30 22:25:16] EDIT CodeReviewMachine/controllers/reviews.py: -1
[2013-07-30 22:28:00] EDIT CodeReviewMachine/controllers/reviews.py: 0
[2013-07-30 22:28:50] EDIT CodeReviewMachine/controllers/reviews.py: -2
[2013-07-30 22:28:53] EDIT CodeReviewMachine/controllers/reviews.py: 0
[2013-07-30 22:29:32] EDIT CodeReviewMachine/controllers/reviews.py: 0
[2013-07-30 22:42:45] EDIT CodeReviewMachine/controllers/reviews.py: 6
[2013-07-30 22:43:26] EDIT CodeReviewMachine/models/db.py: 4
[2013-07-30 22:44:17] EDIT CodeReviewMachine/controllers/reviews.py: 1
[2013-07-30 22:45:00] EDIT CodeReviewMachine/controllers/reviews.py: 1
[2013-07-30 22:45:03] EDIT CodeReviewMachine/controllers/reviews.py: 0
[2013-07-30 22:45:24] EDIT CodeReviewMachine/controllers/reviews.py: 3
[2013-07-30 22:45:33] EDIT CodeReviewMachine/controllers/reviews.py: 0
[2013-07-30 22:46:35] EDIT CodeReviewMachine/controllers/reviews.py: 1
[2013-07-30 22:54:35] EDIT CodeReviewMachine/controllers/reviews.py: -12
[2013-07-30 22:54:45] EDIT CodeReviewMachine/models/db.py: -4
[2013-07-30 22:55:27] EDIT CodeReviewMachine/controllers/reviews.py: 1
[2013-07-30 22:56:36] EDIT CodeReviewMachine/controllers/reviews.py: 0
[2013-07-30 22:58:34] EDIT CodeReviewMachine/controllers/reviews.py: -1
[2013-07-30 22:59:49] EDIT CodeReviewMachine/controllers/reviews.py: 1
[2013-07-30 23:00:25] EDIT CodeReviewMachine/controllers/reviews.py: 0
[2013-07-30 23:01:46] EDIT CodeReviewMachine/controllers/reviews.py: 0
[2013-07-30 23:02:56] EDIT CodeReviewMachine/controllers/reviews.py: 0
[2013-07-30 23:03:20] EDIT CodeReviewMachine/controllers/reviews.py: 0
[2013-07-30 23:03:52] EDIT CodeReviewMachine/controllers/reviews.py: 0
[2013-07-30 23:04:39] EDIT CodeReviewMachine/controllers/reviews.py: 0
[2013-07-30 23:04:59] EDIT CodeReviewMachine/controllers/reviews.py: 0
[2013-07-30 23:05:38] EDIT CodeReviewMachine/controllers/reviews.py: 0
[2013-07-30 23:07:01] EDIT CodeReviewMachine/controllers/reviews.py: 2
[2013-07-30 23:07:34] EDIT CodeReviewMachine/controllers/reviews.py: -1
[2013-07-30 23:09:44] EDIT CodeReviewMachine/controllers/reviews.py: -1
[2013-07-30 23:11:22] EDIT CodeReviewMachine/controllers/reviews.py: -2
[2013-07-30 23:11:46] EDIT CodeReviewMachine/controllers/reviews.py: 0
[2013-07-30 23:12:28] EDIT CodeReviewMachine/controllers/reviews.py: 1
[2013-07-30 23:13:47] EDIT CodeReviewMachine/controllers/reviews.py: 0
[2013-07-30 23:14:37] EDIT CodeReviewMachine/controllers/reviews.py: 0
[2013-07-30 23:15:14] EDIT CodeReviewMachine/controllers/reviews.py: 0
[2013-07-30 23:16:52] EDIT CodeReviewMachine/models/db.py: -1
[2013-07-30 23:18:09] EDIT CodeReviewMachine/controllers/reviews.py: 1
[2013-07-30 23:18:23] EDIT CodeReviewMachine/controllers/reviews.py: 0
[2013-07-30 23:18:27] EDIT CodeReviewMachine/controllers/reviews.py: -1
[2013-07-30 23:20:07] EDIT CodeReviewMachine/controllers/default.py: 8
[2013-07-30 23:20:20] EDIT CodeReviewMachine/controllers/default.py: 0
[2013-07-30 23:20:41] EDIT CodeReviewMachine/controllers/default.py: 0
[2013-07-30 23:21:35] EDIT CodeReviewMachine/controllers/default.py: 0
[2013-07-30 23:21:49] EDIT CodeReviewMachine/controllers/default.py: 0
[2013-07-30 23:23:33] EDIT CodeReviewMachine/controllers/default.py: 0
[2013-07-30 23:23:43] EDIT CodeReviewMachine/controllers/reviews.py: 0
[2013-07-30 23:24:57] EDIT CodeReviewMachine/controllers/default.py: 1
[2013-07-30 23:25:36] EDIT CodeReviewMachine/controllers/default.py: -2
[2013-07-30 23:25:40] EDIT CodeReviewMachine/controllers/default.py: 0
[2013-07-30 23:29:13] EDIT CodeReviewMachine/controllers/reviews.py: 1
[2013-07-30 23:31:21] EDIT CodeReviewMachine/controllers/reviews.py: 1
[2013-07-30 23:35:53] EDIT CodeReviewMachine/controllers/reviews.py: 0
[2013-07-30 23:36:44] EDIT CodeReviewMachine/controllers/reviews.py: 1
[2013-07-30 23:37:25] EDIT CodeReviewMachine/controllers/reviews.py: 7
[2013-07-30 23:37:27] EDIT CodeReviewMachine/controllers/reviews.py: 0
[2013-07-30 23:38:08] EDIT CodeReviewMachine/controllers/reviews.py: 7
[2013-07-30 23:38:23] EDIT CodeReviewMachine/controllers/reviews.py: 0
[2013-07-30 23:38:36] EDIT CodeReviewMachine/controllers/reviews.py: 1
[2013-07-30 23:38:46] EDIT CodeReviewMachine/controllers/reviews.py: 0
[2013-07-30 23:39:10] EDIT CodeReviewMachine/controllers/reviews.py: 0
[2013-07-30 23:39:33] EDIT CodeReviewMachine/views/reviews/done.html: -1
[2013-07-30 23:39:44] EDIT CodeReviewMachine/views/reviews/done.html: 1
[2013-07-30 23:40:07] EDIT CodeReviewMachine/controllers/reviews.py: 0
[2013-07-30 23:41:59] EDIT CodeReviewMachine/controllers/default.py: 0
[2013-07-30 23:42:08] EDIT CodeReviewMachine/controllers/default.py: 0
[2013-07-30 23:42:43] EDIT CodeReviewMachine/controllers/reviews.py: 0
[2013-07-30 23:43:41] EDIT CodeReviewMachine/models/menu.py: 0
[2013-07-30 23:45:22] EDIT CodeReviewMachine/static/css/table.css: 0
[2013-07-30 23:46:44] EDIT CodeReviewMachine/static/css/table.css: 3
[2013-07-30 23:51:13] EDIT CodeReviewMachine/controllers/default.py: 2
[2013-07-30 23:51:49] EDIT CodeReviewMachine/controllers/default.py: 0
[2013-07-30 23:53:08] EDIT CodeReviewMachine/controllers/default.py: 0
[2013-07-30 23:53:16] EDIT CodeReviewMachine/controllers/default.py: 0
[2013-07-31 07:07:18] EDIT CodeReviewMachine/models/menu.py: 0
[2013-07-31 07:08:32] EDIT CodeReviewMachine/controllers/reviews.py: 2
[2013-07-31 11:02:51] EDIT CodeReviewMachine/controllers/changelist.py: 1
[2013-07-31 11:03:25] EDIT CodeReviewMachine/controllers/changelist.py: 1
[2013-07-31 11:03:36] EDIT CodeReviewMachine/controllers/changelist.py: -1
[2013-07-31 11:04:38] EDIT CodeReviewMachine/modules/review_assigner.py: -1
[2013-07-31 11:04:41] EDIT CodeReviewMachine/modules/review_assigner.py: 0
[2013-07-31 11:05:37] EDIT CodeReviewMachine/modules/review_assigner.py: 3
[2013-07-31 11:06:41] EDIT CodeReviewMachine/modules/review_assigner.py: 0
[2013-07-31 11:07:42] EDIT CodeReviewMachine/modules/review_assigner.py: 0
[2013-07-31 11:07:55] EDIT CodeReviewMachine/modules/review_assigner.py: 1
[2013-07-31 11:08:46] EDIT CodeReviewMachine/modules/review_assigner.py: 0
[2013-07-31 11:09:30] EDIT CodeReviewMachine/modules/review_assigner.py: 0
[2013-07-31 11:09:39] EDIT CodeReviewMachine/modules/review_assigner.py: 0
[2013-07-31 11:10:08] EDIT CodeReviewMachine/modules/review_assigner.py: 0
[2013-07-31 11:14:34] EDIT CodeReviewMachine/controllers/changelist.py: 0
[2013-07-31 11:15:21] EDIT CodeReviewMachine/modules/review_assigner.py: 0
[2013-07-31 11:15:45] EDIT CodeReviewMachine/modules/review_assigner.py: 0
[2013-07-31 11:15:54] EDIT CodeReviewMachine/modules/review_assigner.py: 0
[2013-07-31 11:15:58] EDIT CodeReviewMachine/modules/review_assigner.py: 0
[2013-07-31 11:16:18] EDIT CodeReviewMachine/modules/review_assigner.py: 1
[2013-07-31 11:17:15] EDIT CodeReviewMachine/modules/review_assigner.py: 0
[2013-07-31 11:17:20] EDIT CodeReviewMachine/modules/review_assigner.py: 0
[2013-07-31 11:17:24] EDIT CodeReviewMachine/modules/review_assigner.py: 0
[2013-07-31 11:18:43] EDIT CodeReviewMachine/modules/review_assigner.py: 0
[2013-07-31 11:21:13] EDIT CodeReviewMachine/modules/review_assigner.py: 0
[2013-07-31 11:23:08] EDIT CodeReviewMachine/modules/review_assigner.py: -1
[2013-07-31 11:23:29] EDIT CodeReviewMachine/modules/review_assigner.py: 0
[2013-07-31 11:23:41] EDIT CodeReviewMachine/modules/review_assigner.py: 0
[2013-07-31 14:08:51] CREATE reviews/reported.html: 0
[2013-07-31 14:09:10] EDIT CodeReviewMachine/views/reviews/reported.html: 0
[2013-07-31 14:09:55] EDIT CodeReviewMachine/controllers/reviews.py: 20
[2013-07-31 14:10:00] EDIT CodeReviewMachine/controllers/reviews.py: 0
[2013-07-31 14:10:13] EDIT CodeReviewMachine/controllers/reviews.py: 0
[2013-07-31 14:11:10] EDIT CodeReviewMachine/controllers/reviews.py: 0
[2013-07-31 14:13:59] EDIT CodeReviewMachine/controllers/reviews.py: 0
[2013-07-31 14:14:49] EDIT CodeReviewMachine/models/menu.py: 1
[2013-08-02 07:30:09] EDIT CodeReviewMachine/modules/review_assigner.py: 0
[2013-08-02 07:30:24] EDIT CodeReviewMachine/modules/review_assigner.py: 0
[2013-08-02 07:31:29] EDIT CodeReviewMachine/modules/review_assigner.py: 0
[2013-08-02 07:32:43] EDIT CodeReviewMachine/modules/review_assigner.py: -1
[2013-08-02 07:32:47] EDIT CodeReviewMachine/modules/review_assigner.py: 0
[2013-08-02 07:33:01] EDIT CodeReviewMachine/modules/review_assigner.py: -1
[2013-08-02 07:34:54] EDIT CodeReviewMachine/modules/review_assigner.py: 2
[2013-08-02 07:41:41] EDIT CodeReviewMachine/modules/review_assigner.py: 1
[2013-08-02 07:42:26] EDIT CodeReviewMachine/modules/review_assigner.py: 0
[2013-08-02 07:46:08] EDIT CodeReviewMachine/modules/review_assigner.py: 1
[2013-08-02 07:47:26] EDIT CodeReviewMachine/modules/review_assigner.py: 3
[2013-08-02 07:49:48] EDIT CodeReviewMachine/modules/review_assigner.py: -4
[2013-08-02 07:53:40] EDIT CodeReviewMachine/modules/review_assigner.py: 4
[2013-08-02 08:24:56] EDIT CodeReviewMachine/modules/review_assigner.py: 1
[2013-08-02 08:25:20] EDIT CodeReviewMachine/modules/review_assigner.py: 0
[2013-08-06 10:39:03] EDIT CodeReviewMachine/modules/review_assigner.py: -1
[2013-08-06 10:43:31] CREATE test.py: 0
[2013-08-06 10:45:04] EDIT CodeReviewMachine/controllers/test.py: 2
[2013-08-06 10:45:14] EDIT CodeReviewMachine/controllers/test.py: 0
[2013-08-06 10:46:12] EDIT CodeReviewMachine/controllers/test.py: 0
[2013-08-06 10:46:56] EDIT CodeReviewMachine/modules/review_assigner.py: 1
