timestamp: 2013-07-26T17:22:40.879993
CREATE TABLE auth_user(
    id INTEGER PRIMARY KEY AUTOINCREMENT,
    first_name CHAR(128),
    last_name CHAR(128),
    email CHAR(512),
    password CHAR(512),
    registration_key CHAR(512),
    reset_password_key CHAR(512),
    registration_id CHAR(512)
);
success!
timestamp: 2013-07-26T17:22:41.000048
CREATE TABLE auth_group(
    id INTEGER PRIMARY KEY AUTOINCREMENT,
    role CHAR(512),
    description TEXT
);
success!
timestamp: 2013-07-26T17:22:41.109351
CREATE TABLE auth_membership(
    id INTEGER PRIMARY KEY AUTOINCREMENT,
    user_id INTEGER REFERENCES auth_user (id) ON DELETE CASCADE,
    group_id INTEGER REFERENCES auth_group (id) ON DELETE CASCADE
);
success!
timestamp: 2013-07-26T17:22:41.235189
CREATE TABLE auth_permission(
    id INTEGER PRIMARY KEY AUTOINCREMENT,
    group_id INTEGER REFERENCES auth_group (id) ON DELETE CASCADE,
    name CHAR(512),
    table_name CHAR(512),
    record_id INTEGER
);
success!
timestamp: 2013-07-26T17:22:41.363709
CREATE TABLE auth_event(
    id INTEGER PRIMARY KEY AUTOINCREMENT,
    time_stamp TIMESTAMP,
    client_ip CHAR(512),
    user_id INTEGER REFERENCES auth_user (id) ON DELETE CASCADE,
    origin CHAR(512),
    description TEXT
);
success!
timestamp: 2013-07-26T17:22:41.497537
CREATE TABLE auth_cas(
    id INTEGER PRIMARY KEY AUTOINCREMENT,
    user_id INTEGER REFERENCES auth_user (id) ON DELETE CASCADE,
    created_on TIMESTAMP,
    service CHAR(512),
    ticket CHAR(512),
    renew CHAR(1)
);
success!
timestamp: 2013-07-26T17:22:41.614239
CREATE TABLE to_review(
    id INTEGER PRIMARY KEY AUTOINCREMENT,
    tr_changelist INTEGER,
    is_active CHAR(1),
    created_on TIMESTAMP,
    created_by INTEGER REFERENCES auth_user (id) ON DELETE CASCADE,
    modified_on TIMESTAMP,
    modified_by INTEGER REFERENCES auth_user (id) ON DELETE CASCADE
);
success!
timestamp: 2013-07-26T17:22:41.748274
CREATE TABLE to_review_archive(
    current_record INTEGER REFERENCES to_review (id) ON DELETE CASCADE,
    id INTEGER PRIMARY KEY AUTOINCREMENT,
    tr_changelist INTEGER,
    is_active CHAR(1),
    created_on TIMESTAMP,
    created_by INTEGER REFERENCES auth_user (id) ON DELETE CASCADE,
    modified_on TIMESTAMP,
    modified_by INTEGER REFERENCES auth_user (id) ON DELETE CASCADE
);
success!
timestamp: 2013-07-26T17:43:04.375240
CREATE TABLE assigned_reviews(
    id INTEGER PRIMARY KEY AUTOINCREMENT,
    ar_changelist INTEGER REFERENCES to_review.tr_changelist (id) ON DELETE CASCADE,
    is_active CHAR(1),
    created_on TIMESTAMP,
    created_by INTEGER REFERENCES auth_user (id) ON DELETE CASCADE,
    modified_on TIMESTAMP,
    modified_by INTEGER REFERENCES auth_user (id) ON DELETE CASCADE
);
timestamp: 2013-07-26T17:51:50.545454
CREATE TABLE assigned_reviews(
    id INTEGER PRIMARY KEY AUTOINCREMENT,
    ar_changelist INTEGER,
    ar_is_reviewed CHAR(1),
    ar_comment CHAR(512),
    is_active CHAR(1),
    created_on TIMESTAMP,
    created_by INTEGER REFERENCES auth_user (id) ON DELETE CASCADE,
    modified_on TIMESTAMP,
    modified_by INTEGER REFERENCES auth_user (id) ON DELETE CASCADE
);
success!
timestamp: 2013-07-26T17:51:50.767282
CREATE TABLE assigned_reviews_archive(
    current_record INTEGER REFERENCES assigned_reviews (id) ON DELETE CASCADE,
    id INTEGER PRIMARY KEY AUTOINCREMENT,
    ar_changelist INTEGER,
    ar_is_reviewed CHAR(1),
    ar_comment CHAR(512),
    is_active CHAR(1),
    created_on TIMESTAMP,
    created_by INTEGER REFERENCES auth_user (id) ON DELETE CASCADE,
    modified_on TIMESTAMP,
    modified_by INTEGER REFERENCES auth_user (id) ON DELETE CASCADE
);
success!
timestamp: 2013-07-26T18:02:47.737843
ALTER TABLE assigned_reviews ADD ar_reviewer_id INTEGER;
timestamp: 2013-07-27T08:27:44.917594
ALTER TABLE to_review ADD tr_user_id INTEGER;
timestamp: 2013-07-30T20:34:31.557343
ALTER TABLE to_review ADD tr_added TIMESTAMP;
timestamp: 2013-07-30T20:36:50.923877
ALTER TABLE assigned_reviews ADD ar_reviewed TIMESTAMP;
timestamp: 2013-07-30T21:38:24.568637
ALTER TABLE to_review ADD tr_is_reviewed CHAR(1);
timestamp: 2013-07-30T21:38:24.705799
ALTER TABLE to_review ADD tr_comment CHAR(512);
timestamp: 2013-07-30T21:38:24.813876
ALTER TABLE to_review ADD tr_reporter_id INTEGER;
timestamp: 2013-07-30T21:38:24.907734
ALTER TABLE to_review ADD tr_reviewed TIMESTAMP;
timestamp: 2013-07-30T21:38:25.000335
ALTER TABLE to_review ADD tr_reviewer_id INTEGER;
